This is pdfTeX, Version 3.14159265-2.6-1.40.16 (TeX Live 2015/Debian) (preloaded format=pdflatex 2017.11.8)  18 DEC 2017 14:48
entering extended mode
 restricted \write18 enabled.
 %&-line parsing enabled.
**report-outline.tex
(./report-outline.tex
LaTeX2e <2016/02/01>
Babel <3.9q> and hyphenation patterns for 81 language(s) loaded.
(/usr/share/texlive/texmf-dist/tex/latex/base/article.cls
Document Class: article 2014/09/29 v1.4h Standard LaTeX document class
(/usr/share/texlive/texmf-dist/tex/latex/base/size11.clo
File: size11.clo 2014/09/29 v1.4h Standard LaTeX file (size option)
)
\c@part=\count79
\c@section=\count80
\c@subsection=\count81
\c@subsubsection=\count82
\c@paragraph=\count83
\c@subparagraph=\count84
\c@figure=\count85
\c@table=\count86
\abovecaptionskip=\skip41
\belowcaptionskip=\skip42
\bibindent=\dimen102
)
(/usr/share/texlive/texmf-dist/tex/latex/preprint/fullpage.sty
Package: fullpage 1999/02/23 1.1 (PWD)
\FP@margin=\skip43
)
(/usr/share/texlive/texmf-dist/tex/latex/hyperref/hyperref.sty
Package: hyperref 2012/11/06 v6.83m Hypertext links for LaTeX

(/usr/share/texlive/texmf-dist/tex/generic/oberdiek/hobsub-hyperref.sty
Package: hobsub-hyperref 2012/05/28 v1.13 Bundle oberdiek, subset hyperref (HO)


(/usr/share/texlive/texmf-dist/tex/generic/oberdiek/hobsub-generic.sty
Package: hobsub-generic 2012/05/28 v1.13 Bundle oberdiek, subset generic (HO)
Package: hobsub 2012/05/28 v1.13 Construct package bundles (HO)
Package: infwarerr 2010/04/08 v1.3 Providing info/warning/error messages (HO)
Package: ltxcmds 2011/11/09 v1.22 LaTeX kernel commands for general use (HO)
Package: ifluatex 2010/03/01 v1.3 Provides the ifluatex switch (HO)
Package ifluatex Info: LuaTeX not detected.
Package: ifvtex 2010/03/01 v1.5 Detect VTeX and its facilities (HO)
Package ifvtex Info: VTeX not detected.
Package: intcalc 2007/09/27 v1.1 Expandable calculations with integers (HO)
Package: ifpdf 2011/01/30 v2.3 Provides the ifpdf switch (HO)
Package ifpdf Info: pdfTeX in PDF mode is detected.
Package: etexcmds 2011/02/16 v1.5 Avoid name clashes with e-TeX commands (HO)
Package etexcmds Info: Could not find \expanded.
(etexcmds)             That can mean that you are not using pdfTeX 1.50 or
(etexcmds)             that some package has redefined \expanded.
(etexcmds)             In the latter case, load this package earlier.
Package: kvsetkeys 2012/04/25 v1.16 Key value parser (HO)
Package: kvdefinekeys 2011/04/07 v1.3 Define keys (HO)
Package: pdftexcmds 2011/11/29 v0.20 Utility functions of pdfTeX for LuaTeX (HO
)
Package pdftexcmds Info: LuaTeX not detected.
Package pdftexcmds Info: \pdf@primitive is available.
Package pdftexcmds Info: \pdf@ifprimitive is available.
Package pdftexcmds Info: \pdfdraftmode found.
Package: pdfescape 2011/11/25 v1.13 Implements pdfTeX's escape features (HO)
Package: bigintcalc 2012/04/08 v1.3 Expandable calculations on big integers (HO
)
Package: bitset 2011/01/30 v1.1 Handle bit-vector datatype (HO)
Package: uniquecounter 2011/01/30 v1.2 Provide unlimited unique counter (HO)
)
Package hobsub Info: Skipping package `hobsub' (already loaded).
Package: letltxmacro 2010/09/02 v1.4 Let assignment for LaTeX macros (HO)
Package: hopatch 2012/05/28 v1.2 Wrapper for package hooks (HO)
Package: xcolor-patch 2011/01/30 xcolor patch
Package: atveryend 2011/06/30 v1.8 Hooks at the very end of document (HO)
Package atveryend Info: \enddocument detected (standard20110627).
Package: atbegshi 2011/10/05 v1.16 At begin shipout hook (HO)
Package: refcount 2011/10/16 v3.4 Data extraction from label references (HO)
Package: hycolor 2011/01/30 v1.7 Color options for hyperref/bookmark (HO)
)
(/usr/share/texlive/texmf-dist/tex/latex/graphics/keyval.sty
Package: keyval 2014/10/28 v1.15 key=value parser (DPC)
\KV@toks@=\toks14
)
(/usr/share/texlive/texmf-dist/tex/generic/ifxetex/ifxetex.sty
Package: ifxetex 2010/09/12 v0.6 Provides ifxetex conditional
)
(/usr/share/texlive/texmf-dist/tex/latex/oberdiek/auxhook.sty
Package: auxhook 2011/03/04 v1.3 Hooks for auxiliary files (HO)
)
(/usr/share/texlive/texmf-dist/tex/latex/oberdiek/kvoptions.sty
Package: kvoptions 2011/06/30 v3.11 Key value format for package options (HO)
)
\@linkdim=\dimen103
\Hy@linkcounter=\count87
\Hy@pagecounter=\count88

(/usr/share/texlive/texmf-dist/tex/latex/hyperref/pd1enc.def
File: pd1enc.def 2012/11/06 v6.83m Hyperref: PDFDocEncoding definition (HO)
)
\Hy@SavedSpaceFactor=\count89

(/usr/share/texlive/texmf-dist/tex/latex/latexconfig/hyperref.cfg
File: hyperref.cfg 2002/06/06 v1.2 hyperref configuration of TeXLive
)
Package hyperref Info: Hyper figures OFF on input line 4443.
Package hyperref Info: Link nesting OFF on input line 4448.
Package hyperref Info: Hyper index ON on input line 4451.
Package hyperref Info: Plain pages OFF on input line 4458.
Package hyperref Info: Backreferencing OFF on input line 4463.
Package hyperref Info: Implicit mode ON; LaTeX internals redefined.
Package hyperref Info: Bookmarks ON on input line 4688.
\c@Hy@tempcnt=\count90

(/usr/share/texlive/texmf-dist/tex/latex/url/url.sty
\Urlmuskip=\muskip10
Package: url 2013/09/16  ver 3.4  Verb mode for urls, etc.
)
LaTeX Info: Redefining \url on input line 5041.
\XeTeXLinkMargin=\dimen104
\Fld@menulength=\count91
\Field@Width=\dimen105
\Fld@charsize=\dimen106
Package hyperref Info: Hyper figures OFF on input line 6295.
Package hyperref Info: Link nesting OFF on input line 6300.
Package hyperref Info: Hyper index ON on input line 6303.
Package hyperref Info: backreferencing OFF on input line 6310.
Package hyperref Info: Link coloring OFF on input line 6315.
Package hyperref Info: Link coloring with OCG OFF on input line 6320.
Package hyperref Info: PDF/A mode OFF on input line 6325.
LaTeX Info: Redefining \ref on input line 6365.
LaTeX Info: Redefining \pageref on input line 6369.
\Hy@abspage=\count92
\c@Item=\count93
\c@Hfootnote=\count94
)

Package hyperref Message: Driver (autodetected): hpdftex.

(/usr/share/texlive/texmf-dist/tex/latex/hyperref/hpdftex.def
File: hpdftex.def 2012/11/06 v6.83m Hyperref driver for pdfTeX
\Fld@listcount=\count95
\c@bookmark@seq@number=\count96

(/usr/share/texlive/texmf-dist/tex/latex/oberdiek/rerunfilecheck.sty
Package: rerunfilecheck 2011/04/15 v1.7 Rerun checks for auxiliary files (HO)
Package uniquecounter Info: New unique counter `rerunfilecheck' on input line 2
82.
)
\Hy@SectionHShift=\skip44
)
(/usr/share/texlive/texmf-dist/tex/latex/graphics/graphicx.sty
Package: graphicx 2014/10/28 v1.0g Enhanced LaTeX Graphics (DPC,SPQR)

(/usr/share/texlive/texmf-dist/tex/latex/graphics/graphics.sty
Package: graphics 2016/01/03 v1.0q Standard LaTeX Graphics (DPC,SPQR)

(/usr/share/texlive/texmf-dist/tex/latex/graphics/trig.sty
Package: trig 2016/01/03 v1.10 sin cos tan (DPC)
)
(/usr/share/texlive/texmf-dist/tex/latex/latexconfig/graphics.cfg
File: graphics.cfg 2010/04/23 v1.9 graphics configuration of TeX Live
)
Package graphics Info: Driver file: pdftex.def on input line 95.

(/usr/share/texlive/texmf-dist/tex/latex/pdftex-def/pdftex.def
File: pdftex.def 2011/05/27 v0.06d Graphics/color for pdfTeX
\Gread@gobject=\count97
))
\Gin@req@height=\dimen107
\Gin@req@width=\dimen108
)
(/usr/share/texlive/texmf-dist/tex/latex/oberdiek/grffile.sty
Package: grffile 2012/04/05 v1.16 Extended file name support for graphics (HO)
Package grffile Info: Option `multidot' is set to `true'.
Package grffile Info: Option `extendedchars' is set to `false'.
Package grffile Info: Option `space' is set to `true'.
Package grffile Info: \Gin@ii of package `graphicx' fixed on input line 486.
)
(/usr/share/texlive/texmf-dist/tex/latex/svg/svg.sty
Package: svg 2012/09/05 v1.0 SVG inclusion and extraction

(/usr/share/texlive/texmf-dist/tex/latex/xkeyval/xkeyval.sty
Package: xkeyval 2014/12/03 v2.7a package option processing (HA)

(/usr/share/texlive/texmf-dist/tex/generic/xkeyval/xkeyval.tex
(/usr/share/texlive/texmf-dist/tex/generic/xkeyval/xkvutils.tex
\XKV@toks=\toks15
\XKV@tempa@toks=\toks16
)
\XKV@depth=\count98
File: xkeyval.tex 2014/12/03 v2.7a key=value parser (HA)
))
(/usr/share/texlive/texmf-dist/tex/latex/subfig/subfig.sty
Package: subfig 2005/06/28 ver: 1.3 subfig package

(/usr/share/texlive/texmf-dist/tex/latex/caption/caption.sty
Package: caption 2016/02/21 v3.3-144 Customizing captions (AR)

(/usr/share/texlive/texmf-dist/tex/latex/caption/caption3.sty
Package: caption3 2016/02/04 v1.7-139 caption3 kernel (AR)
Package caption3 Info: TeX engine: e-TeX on input line 67.
\captionmargin=\dimen109
\captionmargin@=\dimen110
\captionwidth=\dimen111
\caption@tempdima=\dimen112
\caption@indent=\dimen113
\caption@parindent=\dimen114
\caption@hangindent=\dimen115
)
\c@ContinuedFloat=\count99
Package caption Info: hyperref package is loaded.
)
\c@KVtest=\count100
\sf@farskip=\skip45
\sf@captopadj=\dimen116
\sf@capskip=\skip46
\sf@nearskip=\skip47
\c@subfigure=\count101
\c@subfigure@save=\count102
\c@lofdepth=\count103
\c@subtable=\count104
\c@subtable@save=\count105
\c@lotdepth=\count106
\sf@top=\skip48
\sf@bottom=\skip49
)
(/usr/share/texlive/texmf-dist/tex/latex/import/import.sty
Package: import 2009/03/23  v 5.1
)
(/usr/share/texlive/texmf-dist/tex/latex/oberdiek/transparent.sty
Package: transparent 2007/01/08 v1.0 Transparency via pdfTeX's color stack (HO)

)
(/usr/share/texlive/texmf-dist/tex/latex/xcolor/xcolor.sty
Package: xcolor 2007/01/21 v2.11 LaTeX color extensions (UK)

(/usr/share/texlive/texmf-dist/tex/latex/latexconfig/color.cfg
File: color.cfg 2007/01/18 v1.5 color configuration of teTeX/TeXLive
)
Package xcolor Info: Driver file: pdftex.def on input line 225.
Package xcolor Info: Model `cmy' substituted by `cmy0' on input line 1337.
Package xcolor Info: Model `hsb' substituted by `rgb' on input line 1341.
Package xcolor Info: Model `RGB' extended on input line 1353.
Package xcolor Info: Model `HTML' substituted by `rgb' on input line 1355.
Package xcolor Info: Model `Hsb' substituted by `hsb' on input line 1356.
Package xcolor Info: Model `tHsb' substituted by `hsb' on input line 1357.
Package xcolor Info: Model `HSB' substituted by `hsb' on input line 1358.
Package xcolor Info: Model `Gray' substituted by `gray' on input line 1359.
Package xcolor Info: Model `wave' substituted by `hsb' on input line 1360.
)
\SVG@out@width=\skip50
\SVG@out@height=\skip51
\c@svgfigure=\count107
)
(/usr/share/texlive/texmf-dist/tex/latex/listings/listings.sty
\lst@mode=\count108
\lst@gtempboxa=\box26
\lst@token=\toks17
\lst@length=\count109
\lst@currlwidth=\dimen117
\lst@column=\count110
\lst@pos=\count111
\lst@lostspace=\dimen118
\lst@width=\dimen119
\lst@newlines=\count112
\lst@lineno=\count113
\lst@maxwidth=\dimen120

(/usr/share/texlive/texmf-dist/tex/latex/listings/lstmisc.sty
File: lstmisc.sty 2015/06/04 1.6 (Carsten Heinz)
\c@lstnumber=\count114
\lst@skipnumbers=\count115
\lst@framebox=\box27
)
(/usr/share/texlive/texmf-dist/tex/latex/listings/listings.cfg
File: listings.cfg 2015/06/04 1.6 listings configuration
))
Package: listings 2015/06/04 1.6 (Carsten Heinz)

(/usr/share/texlive/texmf-dist/tex/latex/mathtools/mathtools.sty
Package: mathtools 2015/11/12 v1.18 mathematical typesetting tools

(/usr/share/texlive/texmf-dist/tex/latex/tools/calc.sty
Package: calc 2014/10/28 v4.3 Infix arithmetic (KKT,FJ)
\calc@Acount=\count116
\calc@Bcount=\count117
\calc@Adimen=\dimen121
\calc@Bdimen=\dimen122
\calc@Askip=\skip52
\calc@Bskip=\skip53
LaTeX Info: Redefining \setlength on input line 80.
LaTeX Info: Redefining \addtolength on input line 81.
\calc@Ccount=\count118
\calc@Cskip=\skip54
)
(/usr/share/texlive/texmf-dist/tex/latex/mathtools/mhsetup.sty
Package: mhsetup 2010/01/21 v1.2a programming setup (MH)
)
(/usr/share/texlive/texmf-dist/tex/latex/amsmath/amsmath.sty
Package: amsmath 2016/03/03 v2.15a AMS math features
\@mathmargin=\skip55

For additional information on amsmath, use the `?' option.
(/usr/share/texlive/texmf-dist/tex/latex/amsmath/amstext.sty
Package: amstext 2000/06/29 v2.01 AMS text

(/usr/share/texlive/texmf-dist/tex/latex/amsmath/amsgen.sty
File: amsgen.sty 1999/11/30 v2.0 generic functions
\@emptytoks=\toks18
\ex@=\dimen123
))
(/usr/share/texlive/texmf-dist/tex/latex/amsmath/amsbsy.sty
Package: amsbsy 1999/11/29 v1.2d Bold Symbols
\pmbraise@=\dimen124
)
(/usr/share/texlive/texmf-dist/tex/latex/amsmath/amsopn.sty
Package: amsopn 1999/12/14 v2.01 operator names
)
\inf@bad=\count119
LaTeX Info: Redefining \frac on input line 199.
\uproot@=\count120
\leftroot@=\count121
LaTeX Info: Redefining \overline on input line 297.
\classnum@=\count122
\DOTSCASE@=\count123
LaTeX Info: Redefining \ldots on input line 394.
LaTeX Info: Redefining \dots on input line 397.
LaTeX Info: Redefining \cdots on input line 518.
\Mathstrutbox@=\box28
\strutbox@=\box29
\big@size=\dimen125
LaTeX Font Info:    Redeclaring font encoding OML on input line 630.
LaTeX Font Info:    Redeclaring font encoding OMS on input line 631.
\macc@depth=\count124
\c@MaxMatrixCols=\count125
\dotsspace@=\muskip11
\c@parentequation=\count126
\dspbrk@lvl=\count127
\tag@help=\toks19
\row@=\count128
\column@=\count129
\maxfields@=\count130
\andhelp@=\toks20
\eqnshift@=\dimen126
\alignsep@=\dimen127
\tagshift@=\dimen128
\tagwidth@=\dimen129
\totwidth@=\dimen130
\lineht@=\dimen131
\@envbody=\toks21
\multlinegap=\skip56
\multlinetaggap=\skip57
\mathdisplay@stack=\toks22
LaTeX Info: Redefining \[ on input line 2735.
LaTeX Info: Redefining \] on input line 2736.
)
LaTeX Info: Thecontrolsequence`\('isalreadyrobust on input line 129.
LaTeX Info: Thecontrolsequence`\)'isalreadyrobust on input line 129.
LaTeX Info: Thecontrolsequence`\['isalreadyrobust on input line 129.
LaTeX Info: Thecontrolsequence`\]'isalreadyrobust on input line 129.
\g_MT_multlinerow_int=\count131
\l_MT_multwidth_dim=\dimen132
\origjot=\skip58
\l_MT_shortvdotswithinadjustabove_dim=\dimen133
\l_MT_shortvdotswithinadjustbelow_dim=\dimen134
\l_MT_above_intertext_sep=\dimen135
\l_MT_below_intertext_sep=\dimen136
\l_MT_above_shortintertext_sep=\dimen137
\l_MT_below_shortintertext_sep=\dimen138
)
(/usr/share/texlive/texmf-dist/tex/latex/tabulary/tabulary.sty
Package: tabulary 2014/06/11 v0.10 tabulary package (DPC)

(/usr/share/texlive/texmf-dist/tex/latex/tools/array.sty
Package: array 2014/10/28 v2.4c Tabular extension package (FMi)
\col@sep=\dimen139
\extrarowheight=\dimen140
\NC@list=\toks23
\extratabsurround=\skip59
\backup@length=\skip60
)
\TY@count=\count132
\TY@linewidth=\dimen141
\tymin=\dimen142
\tymax=\dimen143
\TY@tablewidth=\dimen144
)
(/usr/share/texlive/texmf-dist/tex/latex/tools/tabularx.sty
Package: tabularx 2014/10/28 v2.10 `tabularx' package (DPC)
\TX@col@width=\dimen145
\TX@old@table=\dimen146
\TX@old@col=\dimen147
\TX@target=\dimen148
\TX@delta=\dimen149
\TX@cols=\count133
\TX@ftn=\toks24
)
(/usr/share/texlive/texmf-dist/tex/latex/fancyhdr/fancyhdr.sty
\fancy@headwidth=\skip61
\f@ncyO@elh=\skip62
\f@ncyO@erh=\skip63
\f@ncyO@olh=\skip64
\f@ncyO@orh=\skip65
\f@ncyO@elf=\skip66
\f@ncyO@erf=\skip67
\f@ncyO@olf=\skip68
\f@ncyO@orf=\skip69
)
(/usr/share/texlive/texmf-dist/tex/latex/adjustbox/adjustbox.sty
Package: adjustbox 2012/05/21 v1.0 Adjusting TeX boxes (trim, clip, ...)

(/usr/share/texlive/texmf-dist/tex/latex/adjustbox/adjcalc.sty
Package: adjcalc 2012/05/16 v1.1 Provides advanced setlength with multiple back
-ends (calc, etex, pgfmath)
)
(/usr/share/texlive/texmf-dist/tex/latex/adjustbox/trimclip.sty
Package: trimclip 2012/05/16 v1.0 Trim and clip general TeX material

(/usr/share/texlive/texmf-dist/tex/latex/collectbox/collectbox.sty
Package: collectbox 2012/05/17 v0.4b Collect macro arguments as boxes
\collectedbox=\box30
)
\tc@llx=\dimen150
\tc@lly=\dimen151
\tc@urx=\dimen152
\tc@ury=\dimen153
Package trimclip Info: Using driver 'tc-pdftex.def'.

(/usr/share/texlive/texmf-dist/tex/latex/adjustbox/tc-pdftex.def
File: tc-pdftex.def 2012/05/13 v1.0 Clipping driver for pdftex
))
\adjbox@Width=\dimen154
\adjbox@Height=\dimen155
\adjbox@Depth=\dimen156
\adjbox@Totalheight=\dimen157

(/usr/share/texlive/texmf-dist/tex/latex/ifoddpage/ifoddpage.sty
Package: ifoddpage 2011/09/13 v1.0 Conditionals for odd/even page detection
\c@checkoddpage=\count134
)
(/usr/share/texlive/texmf-dist/tex/latex/varwidth/varwidth.sty
Package: varwidth 2009/03/30 ver 0.92;  Variable-width minipages
\@vwid@box=\box31
\sift@deathcycles=\count135
\@vwid@loff=\dimen158
\@vwid@roff=\dimen159
))
(/usr/share/texlive/texmf-dist/tex/latex/amsfonts/amssymb.sty
Package: amssymb 2013/01/14 v3.01 AMS font symbols

(/usr/share/texlive/texmf-dist/tex/latex/amsfonts/amsfonts.sty
Package: amsfonts 2013/01/14 v3.01 Basic AMSFonts support
\symAMSa=\mathgroup4
\symAMSb=\mathgroup5
LaTeX Font Info:    Overwriting math alphabet `\mathfrak' in version `bold'
(Font)                  U/euf/m/n --> U/euf/b/n on input line 106.
))
(./report-outline.aux)
\openout1 = `report-outline.aux'.

LaTeX Font Info:    Checking defaults for OML/cmm/m/it on input line 38.
LaTeX Font Info:    ... okay on input line 38.
LaTeX Font Info:    Checking defaults for T1/cmr/m/n on input line 38.
LaTeX Font Info:    ... okay on input line 38.
LaTeX Font Info:    Checking defaults for OT1/cmr/m/n on input line 38.
LaTeX Font Info:    ... okay on input line 38.
LaTeX Font Info:    Checking defaults for OMS/cmsy/m/n on input line 38.
LaTeX Font Info:    ... okay on input line 38.
LaTeX Font Info:    Checking defaults for OMX/cmex/m/n on input line 38.
LaTeX Font Info:    ... okay on input line 38.
LaTeX Font Info:    Checking defaults for U/cmr/m/n on input line 38.
LaTeX Font Info:    ... okay on input line 38.
LaTeX Font Info:    Checking defaults for PD1/pdf/m/n on input line 38.
LaTeX Font Info:    ... okay on input line 38.
\AtBeginShipoutBox=\box32
Package hyperref Info: Link coloring OFF on input line 38.

(/usr/share/texlive/texmf-dist/tex/latex/hyperref/nameref.sty
Package: nameref 2012/10/27 v2.43 Cross-referencing by name of section

(/usr/share/texlive/texmf-dist/tex/generic/oberdiek/gettitlestring.sty
Package: gettitlestring 2010/12/03 v1.4 Cleanup title references (HO)
)
\c@section@level=\count136
)
LaTeX Info: Redefining \ref on input line 38.
LaTeX Info: Redefining \pageref on input line 38.
LaTeX Info: Redefining \nameref on input line 38.

(./report-outline.out) (./report-outline.out)
\@outlinefile=\write3
\openout3 = `report-outline.out'.


(/usr/share/texlive/texmf-dist/tex/context/base/supp-pdf.mkii
[Loading MPS to PDF converter (version 2006.09.02).]
\scratchcounter=\count137
\scratchdimen=\dimen160
\scratchbox=\box33
\nofMPsegments=\count138
\nofMParguments=\count139
\everyMPshowfont=\toks25
\MPscratchCnt=\count140
\MPscratchDim=\dimen161
\MPnumerator=\count141
\makeMPintoPDFobject=\count142
\everyMPtoPDFconversion=\toks26
) (/usr/share/texlive/texmf-dist/tex/latex/oberdiek/epstopdf-base.sty
Package: epstopdf-base 2010/02/09 v2.5 Base part for package epstopdf

(/usr/share/texlive/texmf-dist/tex/latex/oberdiek/grfext.sty
Package: grfext 2010/08/19 v1.1 Manage graphics extensions (HO)
)
Package grfext Info: Graphics extension search list:
(grfext)             [.png,.pdf,.jpg,.mps,.jpeg,.jbig2,.jb2,.PNG,.PDF,.JPG,.JPE
G,.JBIG2,.JB2,.eps]
(grfext)             \AppendGraphicsExtensions on input line 452.

(/usr/share/texlive/texmf-dist/tex/latex/latexconfig/epstopdf-sys.cfg
File: epstopdf-sys.cfg 2010/07/13 v1.3 Configuration of (r)epstopdf for TeX Liv
e
))
Package caption Info: Begin \AtBeginDocument code.
Package caption Info: subfig package v1.3 is loaded.
Package caption Info: listings package is loaded.
Package caption Info: End \AtBeginDocument code.
\c@lstlisting=\count143
LaTeX Font Info:    Try loading font information for U+msa on input line 60.

(/usr/share/texlive/texmf-dist/tex/latex/amsfonts/umsa.fd
File: umsa.fd 2013/01/14 v3.01 AMS symbols A
)
LaTeX Font Info:    Try loading font information for U+msb on input line 60.

(/usr/share/texlive/texmf-dist/tex/latex/amsfonts/umsb.fd
File: umsb.fd 2013/01/14 v3.01 AMS symbols B
) [1

{/var/lib/texmf/fonts/map/pdftex/updmap/pdftex.map}]
<../plots/illustration.pdf, id=200, 963.6pt x 542.025pt>
File: ../plots/illustration.pdf Graphic file (type pdf)

<use ../plots/illustration.pdf>
Package pdftex.def Info: ../plots/illustration.pdf used on input line 70.
(pdftex.def)             Requested size: 452.9679pt x 254.79314pt.


pdfTeX warning: /usr/bin/pdflatex (file ../plots/flowchart.pdf): PDF inclusion:
 found PDF version <1.7>, but at most version <1.5> allowed
<../plots/flowchart.pdf, id=201, 869.49844pt x 399.74344pt>
File: ../plots/flowchart.pdf Graphic file (type pdf)

<use ../plots/flowchart.pdf>
Package pdftex.def Info: ../plots/flowchart.pdf used on input line 78.
(pdftex.def)             Requested size: 452.9679pt x 208.25204pt.
 [2 <../plots/illustration.pdf>]
LaTeX Font Info:    Try loading font information for OMS+cmr on input line 96.

(/usr/share/texlive/texmf-dist/tex/latex/base/omscmr.fd
File: omscmr.fd 2014/09/29 v2.5h Standard LaTeX font definitions
)
LaTeX Font Info:    Font shape `OMS/cmr/m/n' in size <10.95> not available
(Font)              Font shape `OMS/cmsy/m/n' tried instead on input line 96.
LaTeX Font Info:    Try loading font information for OMS+cmtt on input line 96.


(/usr/share/texmf/tex/latex/R/tex/latex/omscmtt.fd
File: omscmtt.fd 
)
LaTeX Font Info:    Font shape `OMS/cmtt/m/n' in size <10.95> not available
(Font)              Font shape `OMS/cmsy/m/n' tried instead on input line 96.
 [3 <../plots/flowchart.pdf>]
LaTeX Font Info:    Font shape `OT1/cmtt/bx/n' in size <10.95> not available
(Font)              Font shape `OT1/cmtt/m/n' tried instead on input line 113.
 [4] [5] [6] [7] [8] [9]
<../plots/baseline_nomidd_1server/THROUGHPUT.pdf, id=304, 361.35pt x 216.81pt>
File: ../plots/baseline_nomidd_1server/THROUGHPUT.pdf Graphic file (type pdf)

<use ../plots/baseline_nomidd_1server/THROUGHPUT.pdf>
Package pdftex.def Info: ../plots/baseline_nomidd_1server/THROUGHPUT.pdf used o
n input line 304.
(pdftex.def)             Requested size: 226.48395pt x 135.88966pt.

<../plots/baseline_nomidd_1server/RESPONSE_TIME.pdf, id=305, 361.35pt x 216.81p
t>
File: ../plots/baseline_nomidd_1server/RESPONSE_TIME.pdf Graphic file (type pdf
)
 <use ../plots/baseline_nomidd_1server/RESPONSE_TIME.pdf>
Package pdftex.def Info: ../plots/baseline_nomidd_1server/RESPONSE_TIME.pdf use
d on input line 307.
(pdftex.def)             Requested size: 226.48395pt x 135.88966pt.

Overfull \hbox (7.29999pt too wide) in paragraph at lines 304--308
[][] [][] 
 []


Underfull \hbox (badness 10000) in paragraph at lines 304--308

 []


<../plots/baseline_nomidd_1server/NETWORK_READ-ONLY.pdf, id=306, 722.7pt x 252.
945pt>
File: ../plots/baseline_nomidd_1server/NETWORK_READ-ONLY.pdf Graphic file (type
 pdf)
 <use ../plots/baseline_nomidd_1server/NETWORK_READ-ONLY.pdf>
Package pdftex.def Info: ../plots/baseline_nomidd_1server/NETWORK_READ-ONLY.pdf
 used on input line 316.
(pdftex.def)             Requested size: 452.9679pt x 158.53795pt.

Overfull \hbox (3.65pt too wide) in paragraph at lines 316--316
 [][] 
 []


<../plots/baseline_nomidd_1server/NETWORK_WRITE-ONLY.pdf, id=307, 722.7pt x 252
.945pt>
File: ../plots/baseline_nomidd_1server/NETWORK_WRITE-ONLY.pdf Graphic file (typ
e pdf)
 <use ../plots/baseline_nomidd_1server/NETWORK_WRITE-ONLY.pdf>
Package pdftex.def Info: ../plots/baseline_nomidd_1server/NETWORK_WRITE-ONLY.pd
f used on input line 319.
(pdftex.def)             Requested size: 452.9679pt x 158.53795pt.

Overfull \hbox (3.65pt too wide) in paragraph at lines 319--319
 [][] 
 []

[10] [11 <../plots/baseline_nomidd_1server/THROUGHPUT.pdf> <../plots/baseline_n
omidd_1server/RESPONSE_TIME.pdf

pdfTeX warning: /usr/bin/pdflatex (file ../plots/baseline_nomidd_1server/RESPON
SE_TIME.pdf): PDF inclusion: multiple pdfs with page group included in a single
 page
>] [12 <../plots/baseline_nomidd_1server/NETWORK_READ-ONLY.pdf> <../plots/basel
ine_nomidd_1server/NETWORK_WRITE-ONLY.pdf

pdfTeX warning: /usr/bin/pdflatex (file ../plots/baseline_nomidd_1server/NETWOR
K_WRITE-ONLY.pdf): PDF inclusion: multiple pdfs with page group included in a s
ingle page
>]
<../plots/baseline_nomidd_2servers/THROUGHPUT.pdf, id=384, 361.35pt x 216.81pt>
File: ../plots/baseline_nomidd_2servers/THROUGHPUT.pdf Graphic file (type pdf)
<use ../plots/baseline_nomidd_2servers/THROUGHPUT.pdf>
Package pdftex.def Info: ../plots/baseline_nomidd_2servers/THROUGHPUT.pdf used 
on input line 360.
(pdftex.def)             Requested size: 221.95676pt x 133.17358pt.

<../plots/baseline_nomidd_2servers/RESPONSE_TIME.pdf, id=385, 361.35pt x 216.81
pt>
File: ../plots/baseline_nomidd_2servers/RESPONSE_TIME.pdf Graphic file (type pd
f)
 <use ../plots/baseline_nomidd_2servers/RESPONSE_TIME.pdf>
Package pdftex.def Info: ../plots/baseline_nomidd_2servers/RESPONSE_TIME.pdf us
ed on input line 363.
(pdftex.def)             Requested size: 221.95676pt x 133.17358pt.

<../plots/baseline_nomidd_2servers/NETWORK_READ-ONLY.pdf, id=386, 722.7pt x 252
.945pt>
File: ../plots/baseline_nomidd_2servers/NETWORK_READ-ONLY.pdf Graphic file (typ
e pdf)
 <use ../plots/baseline_nomidd_2servers/NETWORK_READ-ONLY.pdf>
Package pdftex.def Info: ../plots/baseline_nomidd_2servers/NETWORK_READ-ONLY.pd
f used on input line 372.
(pdftex.def)             Requested size: 452.9679pt x 158.53795pt.

Overfull \hbox (3.65pt too wide) in paragraph at lines 372--372
 [][] 
 []


<../plots/baseline_nomidd_2servers/NETWORK_WRITE-ONLY.pdf, id=387, 722.7pt x 25
2.945pt>
File: ../plots/baseline_nomidd_2servers/NETWORK_WRITE-ONLY.pdf Graphic file (ty
pe pdf)
 <use ../plots/baseline_nomidd_2servers/NETWORK_WRITE-ONLY.pdf>
Package pdftex.def Info: ../plots/baseline_nomidd_2servers/NETWORK_WRITE-ONLY.p
df used on input line 375.
(pdftex.def)             Requested size: 452.9679pt x 158.53795pt.

Overfull \hbox (3.65pt too wide) in paragraph at lines 375--375
 [][] 
 []

[13 <../plots/baseline_nomidd_2servers/THROUGHPUT.pdf> <../plots/baseline_nomid
d_2servers/RESPONSE_TIME.pdf

pdfTeX warning: /usr/bin/pdflatex (file ../plots/baseline_nomidd_2servers/RESPO
NSE_TIME.pdf): PDF inclusion: multiple pdfs with page group included in a singl
e page
>] [14 <../plots/baseline_nomidd_2servers/NETWORK_READ-ONLY.pdf> <../plots/base
line_nomidd_2servers/NETWORK_WRITE-ONLY.pdf

pdfTeX warning: /usr/bin/pdflatex (file ../plots/baseline_nomidd_2servers/NETWO
RK_WRITE-ONLY.pdf): PDF inclusion: multiple pdfs with page group included in a 
single page
>]
Overfull \hbox (8.20627pt too wide) in paragraph at lines 427--428
\OT1/cmr/m/n/10.95 with fol-low-ing flags ac-tive: \OT1/cmtt/m/n/10.95 --data-s
ize=1024\OT1/cmr/m/n/10.95 , \OT1/cmtt/m/n/10.95 --expiry-range = 9999-10000\OT
1/cmr/m/n/10.95 , \OT1/cmtt/m/n/10.95 --key-pattern
 []

[15]
<../plots/baseline_1midd/timers/QUEUE_SIZE_READ-ONLY.pdf, id=457, 361.35pt x 21
6.81pt>
File: ../plots/baseline_1midd/timers/QUEUE_SIZE_READ-ONLY.pdf Graphic file (typ
e pdf)
 <use ../plots/baseline_1midd/timers/QUEUE_SIZE_READ-ONLY.pdf>
Package pdftex.def Info: ../plots/baseline_1midd/timers/QUEUE_SIZE_READ-ONLY.pd
f used on input line 466.
(pdftex.def)             Requested size: 221.95676pt x 133.17358pt.

<../plots/baseline_1midd/timers/QUEUE_SIZE_WRITE-ONLY.pdf, id=458, 361.35pt x 2
16.81pt>
File: ../plots/baseline_1midd/timers/QUEUE_SIZE_WRITE-ONLY.pdf Graphic file (ty
pe pdf)
 <use ../plots/baseline_1midd/timers/QUEUE_SIZE_WRITE-ONLY.pdf>
Package pdftex.def Info: ../plots/baseline_1midd/timers/QUEUE_SIZE_WRITE-ONLY.p
df used on input line 469.
(pdftex.def)             Requested size: 221.95676pt x 133.17358pt.

<../plots/baseline_1midd/timers/THROUGHPUT AT MIDDLEWARE - READ-ONLY.pdf, id=45
9, 361.35pt x 216.81pt>
File: ../plots/baseline_1midd/timers/THROUGHPUT AT MIDDLEWARE - READ-ONLY.pdf G
raphic file (type pdf)

<use ../plots/baseline_1midd/timers/THROUGHPUT AT MIDDLEWARE - READ-ONLY.pdf>
Package pdftex.def Info: ../plots/baseline_1midd/timers/THROUGHPUT AT MIDDLEWAR
E - READ-ONLY.pdf used on input line 478.
(pdftex.def)             Requested size: 221.95676pt x 133.17358pt.

<../plots/baseline_1midd/timers/THROUGHPUT AT MIDDLEWARE - WRITE-ONLY.pdf, id=4
60, 361.35pt x 216.81pt>
File: ../plots/baseline_1midd/timers/THROUGHPUT AT MIDDLEWARE - WRITE-ONLY.pdf 
Graphic file (type pdf)

<use ../plots/baseline_1midd/timers/THROUGHPUT AT MIDDLEWARE - WRITE-ONLY.pdf>
Package pdftex.def Info: ../plots/baseline_1midd/timers/THROUGHPUT AT MIDDLEWAR
E - WRITE-ONLY.pdf used on input line 481.
(pdftex.def)             Requested size: 221.95676pt x 133.17358pt.

<../plots/baseline_1midd/timers/RESPONSE_TIME_READ-ONLY.pdf, id=461, 361.35pt x
 216.81pt>
File: ../plots/baseline_1midd/timers/RESPONSE_TIME_READ-ONLY.pdf Graphic file (
type pdf)
 <use ../plots/baseline_1midd/timers/RESPONSE_TIME_READ-ONLY.pdf>
Package pdftex.def Info: ../plots/baseline_1midd/timers/RESPONSE_TIME_READ-ONLY
.pdf used on input line 484.
(pdftex.def)             Requested size: 221.95676pt x 133.17358pt.

<../plots/baseline_1midd/timers/RESPONSE_TIME_WRITE-ONLY.pdf, id=462, 361.35pt 
x 216.81pt>
File: ../plots/baseline_1midd/timers/RESPONSE_TIME_WRITE-ONLY.pdf Graphic file 
(type pdf)
 <use ../plots/baseline_1midd/timers/RESPONSE_TIME_WRITE-ONLY.pdf>
Package pdftex.def Info: ../plots/baseline_1midd/timers/RESPONSE_TIME_WRITE-ONL
Y.pdf used on input line 487.
(pdftex.def)             Requested size: 221.95676pt x 133.17358pt.

<../plots/baseline_1midd/timers/ALL_TIMES_TOGETHER_READ-ONLY.pdf, id=463, 939.5
1pt x 289.08pt>
File: ../plots/baseline_1midd/timers/ALL_TIMES_TOGETHER_READ-ONLY.pdf Graphic f
ile (type pdf)

<use ../plots/baseline_1midd/timers/ALL_TIMES_TOGETHER_READ-ONLY.pdf>
Package pdftex.def Info: ../plots/baseline_1midd/timers/ALL_TIMES_TOGETHER_READ
-ONLY.pdf used on input line 496.
(pdftex.def)             Requested size: 452.9679pt x 139.37436pt.

Overfull \hbox (3.65pt too wide) in paragraph at lines 496--496
 [][] 
 []


<../plots/baseline_1midd/timers/ALL_TIMES_TOGETHER_WRITE-ONLY.pdf, id=464, 939.
51pt x 289.08pt>
File: ../plots/baseline_1midd/timers/ALL_TIMES_TOGETHER_WRITE-ONLY.pdf Graphic 
file (type pdf)

<use ../plots/baseline_1midd/timers/ALL_TIMES_TOGETHER_WRITE-ONLY.pdf>
Package pdftex.def Info: ../plots/baseline_1midd/timers/ALL_TIMES_TOGETHER_WRIT
E-ONLY.pdf used on input line 499.
(pdftex.def)             Requested size: 452.9679pt x 139.37436pt.

Overfull \hbox (3.65pt too wide) in paragraph at lines 499--499
 [][] 
 []

[16 <../plots/baseline_1midd/timers/QUEUE_SIZE_READ-ONLY.pdf> <../plots/baselin
e_1midd/timers/QUEUE_SIZE_WRITE-ONLY.pdf

pdfTeX warning: /usr/bin/pdflatex (file ../plots/baseline_1midd/timers/QUEUE_SI
ZE_WRITE-ONLY.pdf): PDF inclusion: multiple pdfs with page group included in a 
single page
>] [17 <../plots/baseline_1midd/timers/THROUGHPUT AT MIDDLEWARE - READ-ONLY.pdf
> <../plots/baseline_1midd/timers/THROUGHPUT AT MIDDLEWARE - WRITE-ONLY.pdf

pdfTeX warning: /usr/bin/pdflatex (file ../plots/baseline_1midd/timers/THROUGHP
UT AT MIDDLEWARE - WRITE-ONLY.pdf): PDF inclusion: multiple pdfs with page grou
p included in a single page
> <../plots/baseline_1midd/timers/RESPONSE_TIME_READ-ONLY.pdf

pdfTeX warning: /usr/bin/pdflatex (file ../plots/baseline_1midd/timers/RESPONSE
_TIME_READ-ONLY.pdf): PDF inclusion: multiple pdfs with page group included in 
a single page
> <../plots/baseline_1midd/timers/RESPONSE_TIME_WRITE-ONLY.pdf

pdfTeX warning: /usr/bin/pdflatex (file ../plots/baseline_1midd/timers/RESPONSE
_TIME_WRITE-ONLY.pdf): PDF inclusion: multiple pdfs with page group included in
 a single page
>] [18 <../plots/baseline_1midd/timers/ALL_TIMES_TOGETHER_READ-ONLY.pdf> <../pl
ots/baseline_1midd/timers/ALL_TIMES_TOGETHER_WRITE-ONLY.pdf

pdfTeX warning: /usr/bin/pdflatex (file ../plots/baseline_1midd/timers/ALL_TIME
S_TOGETHER_WRITE-ONLY.pdf): PDF inclusion: multiple pdfs with page group includ
ed in a single page
>]
<../plots/baseline_2midd/timers/THROUGHPUT AT MIDDLEWARE - READ-ONLY.pdf, id=56
0, 361.35pt x 216.81pt>
File: ../plots/baseline_2midd/timers/THROUGHPUT AT MIDDLEWARE - READ-ONLY.pdf G
raphic file (type pdf)

<use ../plots/baseline_2midd/timers/THROUGHPUT AT MIDDLEWARE - READ-ONLY.pdf>
Package pdftex.def Info: ../plots/baseline_2midd/timers/THROUGHPUT AT MIDDLEWAR
E - READ-ONLY.pdf used on input line 540.
(pdftex.def)             Requested size: 221.95676pt x 133.17358pt.

<../plots/baseline_2midd/timers/THROUGHPUT AT MIDDLEWARE - WRITE-ONLY.pdf, id=5
61, 361.35pt x 216.81pt>
File: ../plots/baseline_2midd/timers/THROUGHPUT AT MIDDLEWARE - WRITE-ONLY.pdf 
Graphic file (type pdf)

<use ../plots/baseline_2midd/timers/THROUGHPUT AT MIDDLEWARE - WRITE-ONLY.pdf>
Package pdftex.def Info: ../plots/baseline_2midd/timers/THROUGHPUT AT MIDDLEWAR
E - WRITE-ONLY.pdf used on input line 543.
(pdftex.def)             Requested size: 221.95676pt x 133.17358pt.

<../plots/baseline_2midd/timers/RESPONSE_TIME_READ-ONLY.pdf, id=562, 361.35pt x
 216.81pt>
File: ../plots/baseline_2midd/timers/RESPONSE_TIME_READ-ONLY.pdf Graphic file (
type pdf)
 <use ../plots/baseline_2midd/timers/RESPONSE_TIME_READ-ONLY.pdf>
Package pdftex.def Info: ../plots/baseline_2midd/timers/RESPONSE_TIME_READ-ONLY
.pdf used on input line 546.
(pdftex.def)             Requested size: 221.95676pt x 133.17358pt.

<../plots/baseline_2midd/timers/RESPONSE_TIME_WRITE-ONLY.pdf, id=563, 361.35pt 
x 216.81pt>
File: ../plots/baseline_2midd/timers/RESPONSE_TIME_WRITE-ONLY.pdf Graphic file 
(type pdf)
 <use ../plots/baseline_2midd/timers/RESPONSE_TIME_WRITE-ONLY.pdf>
Package pdftex.def Info: ../plots/baseline_2midd/timers/RESPONSE_TIME_WRITE-ONL
Y.pdf used on input line 549.
(pdftex.def)             Requested size: 221.95676pt x 133.17358pt.

<../plots/baseline_2midd/timers/ALL_TIMES_TOGETHER_READ-ONLY.pdf, id=564, 939.5
1pt x 289.08pt>
File: ../plots/baseline_2midd/timers/ALL_TIMES_TOGETHER_READ-ONLY.pdf Graphic f
ile (type pdf)

<use ../plots/baseline_2midd/timers/ALL_TIMES_TOGETHER_READ-ONLY.pdf>
Package pdftex.def Info: ../plots/baseline_2midd/timers/ALL_TIMES_TOGETHER_READ
-ONLY.pdf used on input line 556.
(pdftex.def)             Requested size: 452.9679pt x 139.37436pt.

<../plots/baseline_2midd/timers/QUEUE_SIZE_READ-ONLY.pdf, id=565, 361.35pt x 21
6.81pt>
File: ../plots/baseline_2midd/timers/QUEUE_SIZE_READ-ONLY.pdf Graphic file (typ
e pdf)
 <use ../plots/baseline_2midd/timers/QUEUE_SIZE_READ-ONLY.pdf>
Package pdftex.def Info: ../plots/baseline_2midd/timers/QUEUE_SIZE_READ-ONLY.pd
f used on input line 566.
(pdftex.def)             Requested size: 221.95676pt x 133.17358pt.

<../plots/baseline_2midd/timers/QUEUE_SIZE_WRITE-ONLY.pdf, id=566, 361.35pt x 2
16.81pt>
File: ../plots/baseline_2midd/timers/QUEUE_SIZE_WRITE-ONLY.pdf Graphic file (ty
pe pdf)
 <use ../plots/baseline_2midd/timers/QUEUE_SIZE_WRITE-ONLY.pdf>
Package pdftex.def Info: ../plots/baseline_2midd/timers/QUEUE_SIZE_WRITE-ONLY.p
df used on input line 569.
(pdftex.def)             Requested size: 221.95676pt x 133.17358pt.

[19] [20 <../plots/baseline_2midd/timers/THROUGHPUT AT MIDDLEWARE - READ-ONLY.p
df> <../plots/baseline_2midd/timers/THROUGHPUT AT MIDDLEWARE - WRITE-ONLY.pdf

pdfTeX warning: /usr/bin/pdflatex (file ../plots/baseline_2midd/timers/THROUGHP
UT AT MIDDLEWARE - WRITE-ONLY.pdf): PDF inclusion: multiple pdfs with page grou
p included in a single page
> <../plots/baseline_2midd/timers/RESPONSE_TIME_READ-ONLY.pdf

pdfTeX warning: /usr/bin/pdflatex (file ../plots/baseline_2midd/timers/RESPONSE
_TIME_READ-ONLY.pdf): PDF inclusion: multiple pdfs with page group included in 
a single page
> <../plots/baseline_2midd/timers/RESPONSE_TIME_WRITE-ONLY.pdf

pdfTeX warning: /usr/bin/pdflatex (file ../plots/baseline_2midd/timers/RESPONSE
_TIME_WRITE-ONLY.pdf): PDF inclusion: multiple pdfs with page group included in
 a single page
> <../plots/baseline_2midd/timers/ALL_TIMES_TOGETHER_READ-ONLY.pdf

pdfTeX warning: /usr/bin/pdflatex (file ../plots/baseline_2midd/timers/ALL_TIME
S_TOGETHER_READ-ONLY.pdf): PDF inclusion: multiple pdfs with page group include
d in a single page
>]
<../plots/baseline_2midd_2vms/timers/THROUGHPUT AT MIDDLEWARE - WRITE-ONLY.pdf,
 id=626, 361.35pt x 216.81pt>
File: ../plots/baseline_2midd_2vms/timers/THROUGHPUT AT MIDDLEWARE - WRITE-ONLY
.pdf Graphic file (type pdf)

<use ../plots/baseline_2midd_2vms/timers/THROUGHPUT AT MIDDLEWARE - WRITE-ONLY.
pdf>
Package pdftex.def Info: ../plots/baseline_2midd_2vms/timers/THROUGHPUT AT MIDD
LEWARE - WRITE-ONLY.pdf used on input line 611.
(pdftex.def)             Requested size: 221.95676pt x 133.17358pt.

<../plots/baseline_2midd_2vms/timers/RESPONSE_TIME_WRITE-ONLY.pdf, id=627, 361.
35pt x 216.81pt>
File: ../plots/baseline_2midd_2vms/timers/RESPONSE_TIME_WRITE-ONLY.pdf Graphic 
file (type pdf)

<use ../plots/baseline_2midd_2vms/timers/RESPONSE_TIME_WRITE-ONLY.pdf>
Package pdftex.def Info: ../plots/baseline_2midd_2vms/timers/RESPONSE_TIME_WRIT
E-ONLY.pdf used on input line 614.
(pdftex.def)             Requested size: 221.95676pt x 133.17358pt.

<../plots/baseline_2midd_2vms/timers/ALL_TIMES_TOGETHER_WRITE-ONLY.pdf, id=628,
 939.51pt x 325.215pt>
File: ../plots/baseline_2midd_2vms/timers/ALL_TIMES_TOGETHER_WRITE-ONLY.pdf Gra
phic file (type pdf)

<use ../plots/baseline_2midd_2vms/timers/ALL_TIMES_TOGETHER_WRITE-ONLY.pdf>
Package pdftex.def Info: ../plots/baseline_2midd_2vms/timers/ALL_TIMES_TOGETHER
_WRITE-ONLY.pdf used on input line 621.
(pdftex.def)             Requested size: 452.9679pt x 156.79616pt.

[21 <../plots/baseline_2midd/timers/QUEUE_SIZE_READ-ONLY.pdf> <../plots/baselin
e_2midd/timers/QUEUE_SIZE_WRITE-ONLY.pdf

pdfTeX warning: /usr/bin/pdflatex (file ../plots/baseline_2midd/timers/QUEUE_SI
ZE_WRITE-ONLY.pdf): PDF inclusion: multiple pdfs with page group included in a 
single page
>] [22 <../plots/baseline_2midd_2vms/timers/THROUGHPUT AT MIDDLEWARE - WRITE-ON
LY.pdf> <../plots/baseline_2midd_2vms/timers/RESPONSE_TIME_WRITE-ONLY.pdf

pdfTeX warning: /usr/bin/pdflatex (file ../plots/baseline_2midd_2vms/timers/RES
PONSE_TIME_WRITE-ONLY.pdf): PDF inclusion: multiple pdfs with page group includ
ed in a single page
> <../plots/baseline_2midd_2vms/timers/ALL_TIMES_TOGETHER_WRITE-ONLY.pdf

pdfTeX warning: /usr/bin/pdflatex (file ../plots/baseline_2midd_2vms/timers/ALL
_TIMES_TOGETHER_WRITE-ONLY.pdf): PDF inclusion: multiple pdfs with page group i
ncluded in a single page
>] [23] [24]
<../plots/experiment_write-only/timers/THROUGHPUT AT MIDDLEWARE - WRITE-ONLY.pd
f, id=696, 361.35pt x 216.81pt>
File: ../plots/experiment_write-only/timers/THROUGHPUT AT MIDDLEWARE - WRITE-ON
LY.pdf Graphic file (type pdf)

<use ../plots/experiment_write-only/timers/THROUGHPUT AT MIDDLEWARE - WRITE-ONL
Y.pdf>
Package pdftex.def Info: ../plots/experiment_write-only/timers/THROUGHPUT AT MI
DDLEWARE - WRITE-ONLY.pdf used on input line 722.
(pdftex.def)             Requested size: 221.95676pt x 133.17358pt.

<../plots/experiment_write-only/timers/RESPONSE_TIME_WRITE-ONLY.pdf, id=697, 36
1.35pt x 216.81pt>
File: ../plots/experiment_write-only/timers/RESPONSE_TIME_WRITE-ONLY.pdf Graphi
c file (type pdf)

<use ../plots/experiment_write-only/timers/RESPONSE_TIME_WRITE-ONLY.pdf>
Package pdftex.def Info: ../plots/experiment_write-only/timers/RESPONSE_TIME_WR
ITE-ONLY.pdf used on input line 725.
(pdftex.def)             Requested size: 221.95676pt x 133.17358pt.

[25 <../plots/experiment_write-only/timers/THROUGHPUT AT MIDDLEWARE - WRITE-ONL
Y.pdf> <../plots/experiment_write-only/timers/RESPONSE_TIME_WRITE-ONLY.pdf

pdfTeX warning: /usr/bin/pdflatex (file ../plots/experiment_write-only/timers/R
ESPONSE_TIME_WRITE-ONLY.pdf): PDF inclusion: multiple pdfs with page group incl
uded in a single page
>]
<../plots/experiment_write-only/timers/ALL_TIMES_TOGETHER_WRITE-ONLY.pdf, id=72
7, 939.51pt x 325.215pt>
File: ../plots/experiment_write-only/timers/ALL_TIMES_TOGETHER_WRITE-ONLY.pdf G
raphic file (type pdf)

<use ../plots/experiment_write-only/timers/ALL_TIMES_TOGETHER_WRITE-ONLY.pdf>
Package pdftex.def Info: ../plots/experiment_write-only/timers/ALL_TIMES_TOGETH
ER_WRITE-ONLY.pdf used on input line 738.
(pdftex.def)             Requested size: 452.9679pt x 156.79616pt.


Package tabulary Warning: No suitable columns! on input line 758.

[26 <../plots/experiment_write-only/timers/ALL_TIMES_TOGETHER_WRITE-ONLY.pdf>]
<../plots/experiment_gets/RESPONSE_TIME_NONSHARDED.pdf, id=745, 361.35pt x 252.
945pt>
File: ../plots/experiment_gets/RESPONSE_TIME_NONSHARDED.pdf Graphic file (type 
pdf)
 <use ../plots/experiment_gets/RESPONSE_TIME_NONSHARDED.pdf>
Package pdftex.def Info: ../plots/experiment_gets/RESPONSE_TIME_NONSHARDED.pdf 
used on input line 805.
(pdftex.def)             Requested size: 221.95676pt x 155.3692pt.

<../plots/experiment_gets/RESPONSE_TIME_SHARDED.pdf, id=746, 361.35pt x 252.945
pt>
File: ../plots/experiment_gets/RESPONSE_TIME_SHARDED.pdf Graphic file (type pdf
)
 <use ../plots/experiment_gets/RESPONSE_TIME_SHARDED.pdf>
Package pdftex.def Info: ../plots/experiment_gets/RESPONSE_TIME_SHARDED.pdf use
d on input line 808.
(pdftex.def)             Requested size: 221.95676pt x 155.3692pt.

<../plots/experiment_gets/PERCENTILES_NONSHARDED.pdf, id=748, 722.7pt x 252.945
pt>
File: ../plots/experiment_gets/PERCENTILES_NONSHARDED.pdf Graphic file (type pd
f)
 <use ../plots/experiment_gets/PERCENTILES_NONSHARDED.pdf>
Package pdftex.def Info: ../plots/experiment_gets/PERCENTILES_NONSHARDED.pdf us
ed on input line 821.
(pdftex.def)             Requested size: 452.9679pt x 158.53795pt.

Overfull \hbox (3.65pt too wide) in paragraph at lines 821--821
 [][] 
 []


<../plots/experiment_gets/PERCENTILES_SHARDED.pdf, id=749, 722.7pt x 252.945pt>
File: ../plots/experiment_gets/PERCENTILES_SHARDED.pdf Graphic file (type pdf)
<use ../plots/experiment_gets/PERCENTILES_SHARDED.pdf>
Package pdftex.def Info: ../plots/experiment_gets/PERCENTILES_SHARDED.pdf used 
on input line 824.
(pdftex.def)             Requested size: 452.9679pt x 158.53795pt.

Overfull \hbox (3.65pt too wide) in paragraph at lines 824--824
 [][] 
 []

[27]
<../plots/experiment_gets/timers_2/ALL_TIMES_TOGETHER.pdf, id=765, 433.62pt x 2
89.08pt>
File: ../plots/experiment_gets/timers_2/ALL_TIMES_TOGETHER.pdf Graphic file (ty
pe pdf)
 <use ../plots/experiment_gets/timers_2/ALL_TIMES_TOGETHER.pdf>
Package pdftex.def Info: ../plots/experiment_gets/timers_2/ALL_TIMES_TOGETHER.p
df used on input line 839.
(pdftex.def)             Requested size: 226.48395pt x 150.98851pt.

[28 <../plots/experiment_gets/RESPONSE_TIME_NONSHARDED.pdf> <../plots/experimen
t_gets/RESPONSE_TIME_SHARDED.pdf

pdfTeX warning: /usr/bin/pdflatex (file ../plots/experiment_gets/RESPONSE_TIME_
SHARDED.pdf): PDF inclusion: multiple pdfs with page group included in a single
 page
>] [29 <../plots/experiment_gets/PERCENTILES_NONSHARDED.pdf> <../plots/experime
nt_gets/PERCENTILES_SHARDED.pdf

pdfTeX warning: /usr/bin/pdflatex (file ../plots/experiment_gets/PERCENTILES_SH
ARDED.pdf): PDF inclusion: multiple pdfs with page group included in a single p
age
> <../plots/experiment_gets/timers_2/ALL_TIMES_TOGETHER.pdf

pdfTeX warning: /usr/bin/pdflatex (file ../plots/experiment_gets/timers_2/ALL_T
IMES_TOGETHER.pdf): PDF inclusion: multiple pdfs with page group included in a 
single page
>]
<../plots/experiment_gets/HISTOGRAM_MT_6KEYS_NONSHARDED.pdf, id=825, 361.35pt x
 252.945pt>
File: ../plots/experiment_gets/HISTOGRAM_MT_6KEYS_NONSHARDED.pdf Graphic file (
type pdf)
 <use ../plots/experiment_gets/HISTOGRAM_MT_6KEYS_NONSHARDED.pdf>
Package pdftex.def Info: ../plots/experiment_gets/HISTOGRAM_MT_6KEYS_NONSHARDED
.pdf used on input line 868.
(pdftex.def)             Requested size: 221.95676pt x 155.3692pt.

<../plots/experiment_gets/HISTOGRAM_MT_6KEYS_SHARDED.pdf, id=826, 361.35pt x 25
2.945pt>
File: ../plots/experiment_gets/HISTOGRAM_MT_6KEYS_SHARDED.pdf Graphic file (typ
e pdf)
 <use ../plots/experiment_gets/HISTOGRAM_MT_6KEYS_SHARDED.pdf>
Package pdftex.def Info: ../plots/experiment_gets/HISTOGRAM_MT_6KEYS_SHARDED.pd
f used on input line 871.
(pdftex.def)             Requested size: 221.95676pt x 155.3692pt.

<../plots/experiment_gets/HISTOGRAM_MW_6KEYS_NONSHARDED.pdf, id=827, 361.35pt x
 252.945pt>
File: ../plots/experiment_gets/HISTOGRAM_MW_6KEYS_NONSHARDED.pdf Graphic file (
type pdf)
 <use ../plots/experiment_gets/HISTOGRAM_MW_6KEYS_NONSHARDED.pdf>
Package pdftex.def Info: ../plots/experiment_gets/HISTOGRAM_MW_6KEYS_NONSHARDED
.pdf used on input line 874.
(pdftex.def)             Requested size: 221.95676pt x 155.3692pt.

<../plots/experiment_gets/HISTOGRAM_MW_6KEYS_SHARDED.pdf, id=828, 361.35pt x 25
2.945pt>
File: ../plots/experiment_gets/HISTOGRAM_MW_6KEYS_SHARDED.pdf Graphic file (typ
e pdf)
 <use ../plots/experiment_gets/HISTOGRAM_MW_6KEYS_SHARDED.pdf>
Package pdftex.def Info: ../plots/experiment_gets/HISTOGRAM_MW_6KEYS_SHARDED.pd
f used on input line 877.
(pdftex.def)             Requested size: 221.95676pt x 155.3692pt.

<../plots/experiment_gets/HISTOGRAM_MW_6KEYS_NONSHARDED_SST.pdf, id=829, 361.35
pt x 252.945pt>
File: ../plots/experiment_gets/HISTOGRAM_MW_6KEYS_NONSHARDED_SST.pdf Graphic fi
le (type pdf)

<use ../plots/experiment_gets/HISTOGRAM_MW_6KEYS_NONSHARDED_SST.pdf>
Package pdftex.def Info: ../plots/experiment_gets/HISTOGRAM_MW_6KEYS_NONSHARDED
_SST.pdf used on input line 886.
(pdftex.def)             Requested size: 221.95676pt x 155.3692pt.

<../plots/experiment_gets/HISTOGRAM_MW_6KEYS_SHARDED_SST.pdf, id=830, 361.35pt 
x 252.945pt>
File: ../plots/experiment_gets/HISTOGRAM_MW_6KEYS_SHARDED_SST.pdf Graphic file 
(type pdf)
 <use ../plots/experiment_gets/HISTOGRAM_MW_6KEYS_SHARDED_SST.pdf>
Package pdftex.def Info: ../plots/experiment_gets/HISTOGRAM_MW_6KEYS_SHARDED_SS
T.pdf used on input line 889.
(pdftex.def)             Requested size: 221.95676pt x 155.3692pt.

[30]

LaTeX Warning: Text page 31 contains only floats.

[31 <../plots/experiment_gets/HISTOGRAM_MT_6KEYS_NONSHARDED.pdf> <../plots/expe
riment_gets/HISTOGRAM_MT_6KEYS_SHARDED.pdf

pdfTeX warning: /usr/bin/pdflatex (file ../plots/experiment_gets/HISTOGRAM_MT_6
KEYS_SHARDED.pdf): PDF inclusion: multiple pdfs with page group included in a s
ingle page
> <../plots/experiment_gets/HISTOGRAM_MW_6KEYS_NONSHARDED.pdf

pdfTeX warning: /usr/bin/pdflatex (file ../plots/experiment_gets/HISTOGRAM_MW_6
KEYS_NONSHARDED.pdf): PDF inclusion: multiple pdfs with page group included in 
a single page
> <../plots/experiment_gets/HISTOGRAM_MW_6KEYS_SHARDED.pdf

pdfTeX warning: /usr/bin/pdflatex (file ../plots/experiment_gets/HISTOGRAM_MW_6
KEYS_SHARDED.pdf): PDF inclusion: multiple pdfs with page group included in a s
ingle page
> <../plots/experiment_gets/HISTOGRAM_MW_6KEYS_NONSHARDED_SST.pdf

pdfTeX warning: /usr/bin/pdflatex (file ../plots/experiment_gets/HISTOGRAM_MW_6
KEYS_NONSHARDED_SST.pdf): PDF inclusion: multiple pdfs with page group included
 in a single page
> <../plots/experiment_gets/HISTOGRAM_MW_6KEYS_SHARDED_SST.pdf

pdfTeX warning: /usr/bin/pdflatex (file ../plots/experiment_gets/HISTOGRAM_MW_6
KEYS_SHARDED_SST.pdf): PDF inclusion: multiple pdfs with page group included in
 a single page
>]
Overfull \hbox (2.28687pt too wide) in paragraph at lines 965--965
 []\OT1/cmr/m/n/10.95 10877.34| 
 []

[32]
Overfull \hbox (1.44858pt too wide) in paragraph at lines 993--993
 []\OT1/cmr/m/n/10.95 7582.66| 
 []


Overfull \hbox (1.44858pt too wide) in paragraph at lines 993--993
 []\OT1/cmr/m/n/10.95 2659.02| 
 []

[33]
Overfull \hbox (1.44858pt too wide) in paragraph at lines 1021--1021
 []\OT1/cmr/m/n/10.95 9203.53| 
 []


Overfull \hbox (1.44858pt too wide) in paragraph at lines 1021--1021
 []\OT1/cmr/m/n/10.95 2924.87| 
 []


Overfull \hbox (1.44858pt too wide) in paragraph at lines 1021--1021
 []\OT1/cmr/m/n/10.95 3094.99| 
 []


Overfull \hbox (1.44858pt too wide) in paragraph at lines 1021--1021
 []\OT1/cmr/m/n/10.95 1088.28| 
 []

[34] [35] [36] [37] [38]

pdfTeX warning: /usr/bin/pdflatex (file ../plots/noq_model_1midd.pdf): PDF incl
usion: found PDF version <1.7>, but at most version <1.5> allowed
<../plots/noq_model_1midd.pdf, id=958, 566.86781pt x 162.6075pt>
File: ../plots/noq_model_1midd.pdf Graphic file (type pdf)

<use ../plots/noq_model_1midd.pdf>
Package pdftex.def Info: ../plots/noq_model_1midd.pdf used on input line 1149.
(pdftex.def)             Requested size: 452.9679pt x 129.93977pt.
LaTeX Font Info:    Try loading font information for OML+cmr on input line 1168
.

(/usr/share/texlive/texmf-dist/tex/latex/base/omlcmr.fd
File: omlcmr.fd 2014/09/29 v2.5h Standard LaTeX font definitions
)
LaTeX Font Info:    Font shape `OML/cmr/m/n' in size <10.95> not available
(Font)              Font shape `OML/cmm/m/it' tried instead on input line 1168.

 [39 <../plots/noq_model_1midd.pdf>] [40]

pdfTeX warning: /usr/bin/pdflatex (file ../plots/noq_model_2midd.pdf): PDF incl
usion: found PDF version <1.7>, but at most version <1.5> allowed
<../plots/noq_model_2midd.pdf, id=992, 574.39594pt x 181.42781pt>
File: ../plots/noq_model_2midd.pdf Graphic file (type pdf)

<use ../plots/noq_model_2midd.pdf>
Package pdftex.def Info: ../plots/noq_model_2midd.pdf used on input line 1210.
(pdftex.def)             Requested size: 452.9679pt x 143.07724pt.
 [41 <../plots/noq_model_2midd.pdf>] [42]
Package atveryend Info: Empty hook `BeforeClearDocument' on input line 1267.

[43]
Package atveryend Info: Empty hook `AfterLastShipout' on input line 1267.
 (./report-outline.aux)
Package atveryend Info: Executing hook `AtVeryEndDocument' on input line 1267.
Package atveryend Info: Executing hook `AtEndAfterFileList' on input line 1267.

Package rerunfilecheck Info: File `report-outline.out' has not changed.
(rerunfilecheck)             Checksum: 9852D3F34E855720C54C4EA9A8578A13;3255.
Package atveryend Info: Empty hook `AtVeryVeryEnd' on input line 1267.
 ) 
Here is how much of TeX's memory you used:
 11169 strings out of 493029
 176125 string characters out of 6136234
 300054 words of memory out of 5000000
 14347 multiletter control sequences out of 15000+600000
 14583 words of font info for 56 fonts, out of 8000000 for 9000
 1141 hyphenation exceptions out of 8191
 68i,12n,98p,1825b,480s stack positions out of 5000i,500n,10000p,200000b,80000s
</usr/share/texlive/texmf-dist/fonts/type1/public/amsfonts/cm/cmbx10.pfb></us
r/share/texlive/texmf-dist/fonts/type1/public/amsfonts/cm/cmbx12.pfb></usr/shar
e/texlive/texmf-dist/fonts/type1/public/amsfonts/cm/cmbxti10.pfb></usr/share/te
xlive/texmf-dist/fonts/type1/public/amsfonts/cm/cmitt10.pfb></usr/share/texlive
/texmf-dist/fonts/type1/public/amsfonts/cm/cmmi10.pfb></usr/share/texlive/texmf
-dist/fonts/type1/public/amsfonts/cm/cmmi8.pfb></usr/share/texlive/texmf-dist/f
onts/type1/public/amsfonts/cm/cmr10.pfb></usr/share/texlive/texmf-dist/fonts/ty
pe1/public/amsfonts/cm/cmr12.pfb></usr/share/texlive/texmf-dist/fonts/type1/pub
lic/amsfonts/cm/cmr17.pfb></usr/share/texlive/texmf-dist/fonts/type1/public/ams
fonts/cm/cmr6.pfb></usr/share/texlive/texmf-dist/fonts/type1/public/amsfonts/cm
/cmr8.pfb></usr/share/texlive/texmf-dist/fonts/type1/public/amsfonts/cm/cmr9.pf
b></usr/share/texlive/texmf-dist/fonts/type1/public/amsfonts/cm/cmsy10.pfb></us
r/share/texlive/texmf-dist/fonts/type1/public/amsfonts/cm/cmsy8.pfb></usr/share
/texlive/texmf-dist/fonts/type1/public/amsfonts/cm/cmti10.pfb></usr/share/texli
ve/texmf-dist/fonts/type1/public/amsfonts/cm/cmtt10.pfb></usr/share/texlive/tex
mf-dist/fonts/type1/public/amsfonts/symbols/msbm10.pfb>
Output written on report-outline.pdf (43 pages, 1251870 bytes).
PDF statistics:
 1129 PDF objects out of 1200 (max. 8388607)
 907 compressed objects within 10 object streams
 191 named destinations out of 1000 (max. 500000)
 589 words of extra memory for PDF output out of 10000 (max. 10000000)

